<?xml version="1.0" encoding="UTF-8"?>
<!-- Generated by org.testng.reporters.JUnitXMLReporter -->
<testsuite ignored="0" hostname="LAPTOP-AA8TAC45" failures="0" tests="6" name="Test" time="22.065" errors="0" timestamp="2024-06-15T17:19:12 IST">
  <testcase classname="com.ecom.testcases.TC_LoginTest" name="verifyLogin" time="0.478"/>
  <testcase classname="com.ecom.testcases.TC_InventoryItemsTest" name="verifyInventoryItems" time="0.553"/>
  <testcase classname="com.ecom.testcases.TC_InventoryItemsTest" name="verifySingleInventoryItem" time="0.478"/>
  <testcase classname="com.ecom.testcases.TC_AddRemoveProductTest" name="verifyContinueShoppingBtn" time="0.536"/>
  <testcase classname="com.ecom.testcases.TC_AddRemoveProductTest" name="verifyAddRemoveProduct" time="10.569"/>
  <testcase classname="com.ecom.testcases.TC_BuyProductTest" name="verifyBuyProduct" time="1.161"/>
</testsuite> <!-- Test -->
