<?xml version="1.0" encoding="UTF-8"?>
<!-- Generated by org.testng.reporters.JUnitXMLReporter -->
<testsuite ignored="0" hostname="LAPTOP-AA8TAC45" failures="0" tests="6" name="Test" time="21.023" errors="0" timestamp="2024-06-15T22:42:44 IST">
  <testcase classname="com.ecom.testcases.TC_LoginTest" name="verifyLogin" time="0.462"/>
  <testcase classname="com.ecom.testcases.TC_InventoryItemsTest" name="verifyInventoryItems" time="0.543"/>
  <testcase classname="com.ecom.testcases.TC_InventoryItemsTest" name="verifySingleInventoryItem" time="0.498"/>
  <testcase classname="com.ecom.testcases.TC_AddRemoveProductTest" name="verifyContinueShoppingBtn" time="0.559"/>
  <testcase classname="com.ecom.testcases.TC_AddRemoveProductTest" name="verifyAddRemoveProduct" time="10.583"/>
  <testcase classname="com.ecom.testcases.TC_BuyProductTest" name="verifyBuyProduct" time="1.133"/>
</testsuite> <!-- Test -->
