<?xml version="1.0" encoding="UTF-8"?>
<testsuite xmlns:xsi="http://www.w3.org/2001/XMLSchema-instance" xsi:noNamespaceSchemaLocation="https://maven.apache.org/surefire/maven-surefire-plugin/xsd/surefire-test-report.xsd" version="3.0.1" name="TestSuite" time="21.73" tests="6" errors="0" skipped="0" failures="0">
  <properties>
[...]
</properties>
  <testcase name="verifyLogin" classname="com.ecom.testcases.TC_LoginTest" time="0.473">
    <system-out><![CDATA[On Start method invoked....
[INFO ] 2024-06-15 22:42:26.626 [main] EComStore - url launched
On Test Start of verifyLogin
[INFO ] 2024-06-15 22:42:26.811 [main] EComStore - added username and password
[INFO ] 2024-06-15 22:42:26.898 [main] EComStore - clicked on Login!
[INFO ] 2024-06-15 22:42:26.938 [main] EComStore - verify Login - Passed
Making entry to report for Test method:verifyLogin
]]></system-out>
    <system-err><![CDATA[SLF4J(W): No SLF4J providers were found.
SLF4J(W): Defaulting to no-operation (NOP) logger implementation
SLF4J(W): See https://www.slf4j.org/codes.html#noProviders for further details.
]]></system-err>
  </testcase>
  <testcase name="verifyInventoryItems" classname="com.ecom.testcases.TC_InventoryItemsTest" time="0.542">
    <system-out><![CDATA[[INFO ] 2024-06-15 22:42:28.494 [main] EComStore - url launched
On Test Start of verifyInventoryItems
[INFO ] 2024-06-15 22:42:28.495 [main] EComStore - logging into Swag app..
[INFO ] 2024-06-15 22:42:28.727 [main] EComStore - logged in successfully
[INFO ] 2024-06-15 22:42:28.727 [main] EComStore - moving to Inventory page...
[INFO ] 2024-06-15 22:42:28.744 [main] EComStore - checking Inventory page items number
[INFO ] 2024-06-15 22:42:28.744 [main] EComStore - verifyInventoryItems - Passed
Number of items in Inventory 6
Items in Inventory: 
[Sauce Labs Backpack, Sauce Labs Bike Light, Sauce Labs Bolt T-Shirt, Sauce Labs Fleece Jacket, Sauce Labs Onesie, Test.allTheThings() T-Shirt (Red)]
[INFO ] 2024-06-15 22:42:29.037 [main] EComStore - https://www.saucedemo.com/
Making entry to report for Test method:verifyInventoryItems
]]></system-out>
  </testcase>
  <testcase name="verifySingleInventoryItem" classname="com.ecom.testcases.TC_InventoryItemsTest" time="0.497">
    <system-out><![CDATA[On Test Start of verifySingleInventoryItem
[INFO ] 2024-06-15 22:42:29.040 [main] EComStore - logging into Swag app..
[INFO ] 2024-06-15 22:42:29.207 [main] EComStore - logged in successfully
[INFO ] 2024-06-15 22:42:29.207 [main] EComStore - moving to Inventory page...
[INFO ] 2024-06-15 22:42:29.218 [main] EComStore - selecting randomly a product from Inventory items
[INFO ] 2024-06-15 22:42:29.219 [main] EComStore - 0
[INFO ] 2024-06-15 22:42:29.243 [main] EComStore - Selected random item Sauce Labs Backpack
carry.allTheThings() with the sleek, streamlined Sly Pack that melds uncompromising style with unequaled laptop and tablet protection.
$29.99
Add to cart
[INFO ] 2024-06-15 22:42:29.260 [main] EComStore - product selected is : Sauce Labs Backpack
[INFO ] 2024-06-15 22:42:29.280 [main] EComStore - product price is : $29.99
[INFO ] 2024-06-15 22:42:29.280 [main] EComStore - adding product Sauce Labs Backpack to cart
[INFO ] 2024-06-15 22:42:29.346 [main] EComStore - #items in Cart 1
[INFO ] 2024-06-15 22:42:29.391 [main] EComStore - Product added to cart
Making entry to report for Test method:verifySingleInventoryItem
]]></system-out>
  </testcase>
  <testcase name="verifyContinueShoppingBtn" classname="com.ecom.testcases.TC_AddRemoveProductTest" time="0.559">
    <system-out><![CDATA[[INFO ] 2024-06-15 22:42:30.824 [main] EComStore - url launched
On Test Start of verifyContinueShoppingBtn
[INFO ] 2024-06-15 22:42:30.827 [main] EComStore - logging into Swag app..
[INFO ] 2024-06-15 22:42:31.062 [main] EComStore - logged in successfully
[INFO ] 2024-06-15 22:42:31.063 [main] EComStore - moving to cart page...
[INFO ] 2024-06-15 22:42:31.126 [main] EComStore - clicking on ContinueShopping button
[INFO ] 2024-06-15 22:42:31.207 [main] EComStore - back to inventory page: https://www.saucedemo.com/inventory.html
Making entry to report for Test method:verifyContinueShoppingBtn
]]></system-out>
    <system-err><![CDATA[Jun 15, 2024 10:42:29 PM org.openqa.selenium.remote.http.WebSocket$Listener onError
WARNING: Connection reset
java.net.SocketException: Connection reset
	at java.base/sun.nio.ch.SocketChannelImpl.throwConnectionReset(SocketChannelImpl.java:401)
	at java.base/sun.nio.ch.SocketChannelImpl.read(SocketChannelImpl.java:434)
	at java.net.http/jdk.internal.net.http.SocketTube.readAvailable(SocketTube.java:1178)
	at java.net.http/jdk.internal.net.http.SocketTube$InternalReadPublisher$InternalReadSubscription.read(SocketTube.java:841)
	at java.net.http/jdk.internal.net.http.SocketTube$SocketFlowTask.run(SocketTube.java:181)
	at java.net.http/jdk.internal.net.http.common.SequentialScheduler$SchedulableTask.run(SequentialScheduler.java:207)
	at java.net.http/jdk.internal.net.http.common.SequentialScheduler.runOrSchedule(SequentialScheduler.java:280)
	at java.net.http/jdk.internal.net.http.common.SequentialScheduler.runOrSchedule(SequentialScheduler.java:233)
	at java.net.http/jdk.internal.net.http.SocketTube$InternalReadPublisher$InternalReadSubscription.signalReadable(SocketTube.java:782)
	at java.net.http/jdk.internal.net.http.SocketTube$InternalReadPublisher$ReadEvent.signalEvent(SocketTube.java:965)
	at java.net.http/jdk.internal.net.http.SocketTube$SocketFlowEvent.handle(SocketTube.java:253)
	at java.net.http/jdk.internal.net.http.HttpClientImpl$SelectorManager.handleEvent(HttpClientImpl.java:1467)
	at java.net.http/jdk.internal.net.http.HttpClientImpl$SelectorManager.lambda$run$3(HttpClientImpl.java:1412)
	at java.base/java.util.ArrayList.forEach(ArrayList.java:1596)
	at java.net.http/jdk.internal.net.http.HttpClientImpl$SelectorManager.run(HttpClientImpl.java:1412)

]]></system-err>
  </testcase>
  <testcase name="verifyAddRemoveProduct" classname="com.ecom.testcases.TC_AddRemoveProductTest" time="10.583">
    <system-out><![CDATA[On Test Start of verifyAddRemoveProduct
[INFO ] 2024-06-15 22:42:31.386 [main] EComStore - logging into Swag app..
[INFO ] 2024-06-15 22:42:31.548 [main] EComStore - logged in successfully
[INFO ] 2024-06-15 22:42:31.548 [main] EComStore - On Inventory page...
[INFO ] 2024-06-15 22:42:31.560 [main] EComStore - selecting randomly a product from Inventory items
[INFO ] 2024-06-15 22:42:31.583 [main] EComStore - Selected random item Sauce Labs Bike Light
A red light isn't the desired state in testing but it sure helps when riding your bike at night. Water-resistant with 3 lighting modes, 1 AAA battery included.
$9.99
Add to cart
[INFO ] 2024-06-15 22:42:31.601 [main] EComStore - adding product Sauce Labs Bike Light to cart
[INFO ] 2024-06-15 22:42:31.645 [main] EComStore - moving to cart page...
[INFO ] 2024-06-15 22:42:31.706 [main] EComStore - successfuly landed on cart page...
[INFO ] 2024-06-15 22:42:31.732 [main] EComStore - Items successfully added to the cart 
[Sauce Labs Bike Light]
[INFO ] 2024-06-15 22:42:31.733 [main] EComStore - removing items from cart...
[INFO ] 2024-06-15 22:42:41.795 [main] EComStore - all items removed, cart empty!
Making entry to report for Test method:verifyAddRemoveProduct
]]></system-out>
  </testcase>
  <testcase name="verifyBuyProduct" classname="com.ecom.testcases.TC_BuyProductTest" time="1.132">
    <system-out><![CDATA[[INFO ] 2024-06-15 22:42:43.313 [main] EComStore - url launched
On Test Start of verifyBuyProduct
[INFO ] 2024-06-15 22:42:43.324 [main] EComStore - logging into Swag app..
[INFO ] 2024-06-15 22:42:43.563 [main] EComStore - logged in successfully
[INFO ] 2024-06-15 22:42:43.564 [main] EComStore - On Inventory page...
[INFO ] 2024-06-15 22:42:43.577 [main] EComStore - selecting randomly a product from Inventory items
[INFO ] 2024-06-15 22:42:43.611 [main] EComStore - selected random item - Sauce Labs Fleece Jacket
[INFO ] 2024-06-15 22:42:43.649 [main] EComStore - $49.99
[INFO ] 2024-06-15 22:42:43.666 [main] EComStore - adding product Sauce Labs Fleece Jacket to cart
[INFO ] 2024-06-15 22:42:43.718 [main] EComStore - moving to cart page...
[INFO ] 2024-06-15 22:42:43.785 [main] EComStore - clicking on checkout button, moving to checkout page 1
[INFO ] 2024-06-15 22:42:43.847 [main] EComStore - successfully landed on Checkout page 1
[INFO ] 2024-06-15 22:42:44.005 [main] EComStore - entered user information, firstname, lastname and zipcode
[INFO ] 2024-06-15 22:42:44.005 [main] EComStore - moving to checkout page 2
[INFO ] 2024-06-15 22:42:44.085 [main] EComStore - Number of items in CheckOut verified 1
[INFO ] 2024-06-15 22:42:44.102 [main] EComStore - total cost verified 49.99
[INFO ] 2024-06-15 22:42:44.136 [main] EComStore - tax amount 4.0 and final cost is 53.99
[INFO ] 2024-06-15 22:42:44.136 [main] EComStore - moving to finish checkout page...
[INFO ] 2024-06-15 22:42:44.195 [main] EComStore - landed successfuly on finish checkout page...
[INFO ] 2024-06-15 22:42:44.244 [main] EComStore - order successfully placed message Your order has been dispatched, and will arrive just as fast as the pony can get there!
Making entry to report for Test method:verifyBuyProduct
]]></system-out>
  </testcase>
</testsuite>